2025-10-15 12:03:24,714 - INFO - ==================================================
2025-10-15 12:03:24,755 - INFO - ==================================================
2025-10-15 12:03:24,762 - INFO - ==================================================
2025-10-15 12:29:00,463 - INFO - ==================================================
2025-10-15 12:29:00,469 - INFO - ==================================================
2025-10-15 12:29:00,475 - INFO - ==================================================
2025-10-15 12:29:17,585 - INFO - [SCAN START] https://github.com
2025-10-15 12:29:19,062 - INFO - [SCAN COMPLETE] https://github.com in 1.48s
2025-10-15 12:31:13,765 - INFO - ==================================================
2025-10-15 12:31:13,773 - INFO - ==================================================
2025-10-15 12:31:13,779 - INFO - ==================================================
2025-10-15 12:31:19,155 - INFO - [SCAN START] https://github.com
2025-10-15 12:31:20,687 - INFO - [SCAN COMPLETE] https://github.com in 1.53s
2025-10-15 12:35:59,123 - INFO - ==================================================
2025-10-15 12:35:59,129 - INFO - ==================================================
2025-10-15 12:36:08,550 - INFO - ==================================================
2025-10-15 12:36:08,556 - INFO - ==================================================
2025-10-15 12:36:11,017 - INFO - [SCAN START] https://github.com
2025-10-15 12:36:12,338 - INFO - [SCAN COMPLETE] https://github.com in 1.32s
2025-10-15 12:41:13,788 - main - INFO - ============================================================
2025-10-15 12:41:13,794 - main - INFO - ============================================================
2025-10-15 12:41:13,800 - main - INFO - ============================================================
2025-10-15 12:41:23,493 - main - INFO - [SCAN START] https://github.com
2025-10-15 12:41:23,788 - main - INFO - [TASK COMPLETE] ssl
2025-10-15 12:41:24,644 - main - INFO - Successfully fetched https://github.com (Size: 560572 bytes)
2025-10-15 12:41:24,964 - main - INFO - [TASK COMPLETE] tech
2025-10-15 12:41:24,965 - main - INFO - Successfully fetched https://github.com (Size: 560572 bytes)
2025-10-15 12:41:25,175 - main - INFO - Successfully fetched https://github.com (Size: 560572 bytes)
2025-10-15 12:41:25,178 - main - INFO - [TASK COMPLETE] security
2025-10-15 12:41:25,245 - main - INFO - [TASK COMPLETE] js
2025-10-15 12:41:25,246 - main - INFO - [SCAN COMPLETE] https://github.com - Score: 59/100 - Time: 1.75s
2025-10-15 12:49:57,519 - main - INFO - ============================================================
2025-10-15 12:49:57,527 - main - INFO - ============================================================
2025-10-15 12:49:57,534 - main - INFO - ============================================================
2025-10-15 12:50:02,761 - main - INFO - [SCAN START] https://github.com
2025-10-15 12:50:03,804 - main - INFO - Successfully fetched https://github.com (Size: 560572 bytes)
2025-10-15 12:50:04,207 - main - INFO - [TASK COMPLETE] tech
2025-10-15 12:50:04,213 - main - INFO - [TASK COMPLETE] ssl
2025-10-15 12:50:04,215 - main - INFO - Successfully fetched https://github.com (Size: 560572 bytes)
2025-10-15 12:50:04,505 - main - INFO - [TASK COMPLETE] security
2025-10-15 12:50:04,844 - main - INFO - Successfully fetched https://github.com (Size: 560572 bytes)
2025-10-15 12:50:04,917 - main - INFO - [TASK COMPLETE] js
2025-10-15 12:50:04,919 - main - INFO - [SCAN COMPLETE] https://github.com - Score: 59/100 - Time: 2.16s
2025-10-15 12:53:21,692 - main - INFO - ============================================================
2025-10-15 12:53:21,699 - main - INFO - ============================================================
2025-10-15 12:53:21,706 - main - INFO - ============================================================
2025-10-15 12:53:22,692 - main - INFO - [SCAN START] https://github.com
2025-10-15 12:53:23,223 - main - INFO - [TASK COMPLETE] ssl
2025-10-15 12:53:24,177 - main - INFO - Successfully fetched https://github.com (Size: 560698 bytes)
2025-10-15 12:53:24,246 - main - INFO - [TASK COMPLETE] js
2025-10-15 12:53:24,248 - main - INFO - Successfully fetched https://github.com (Size: 560698 bytes)
2025-10-15 12:53:24,249 - main - INFO - Successfully fetched https://github.com (Size: 560698 bytes)
2025-10-15 12:53:24,611 - main - INFO - [TASK COMPLETE] security
2025-10-15 12:53:24,753 - main - INFO - [TASK COMPLETE] tech
2025-10-15 12:53:24,754 - main - INFO - [SCAN COMPLETE] https://github.com - Score: 59/100 - Time: 2.06s
2025-10-15 12:55:25,417 - INFO - ==================================================
2025-10-15 12:55:25,424 - INFO - ==================================================
2025-10-15 12:55:31,778 - INFO - [SCAN START] https://github.com
2025-10-15 12:55:33,239 - INFO - [SCAN DONE] https://github.com - Score: 54/100 - 1.46s
2025-10-15 14:55:48,177 - INFO - ==================================================
2025-10-15 14:55:48,192 - INFO - ==================================================
2025-10-15 14:56:26,522 - INFO - [SCAN START] https://github.com
2025-10-15 14:56:30,487 - INFO - [SCAN DONE] https://github.com - Score: 54/100 - 3.97s
